TN:
SF:git_basics/homework_folder_12_API/task_1/task_1/errorRequest.js
FN:3,fetchDataWithError
FNF:1
FNH:1
FNDA:1,fetchDataWithError
DA:1,1
DA:2,1
DA:3,1
DA:4,1
DA:5,1
DA:6,0
DA:7,1
DA:8,1
DA:9,1
DA:10,1
DA:11,1
DA:12,1
LF:12
LH:11
BRDA:3,0,0,1
BRDA:5,1,0,0
BRF:2
BRH:1
end_of_record
TN:
SF:git_basics/homework_folder_12_API/task_2/requestWithHeadersAndParams.js
FN:3,fetchDataWithHeadersAndParams
FNF:1
FNH:1
FNDA:2,fetchDataWithHeadersAndParams
DA:1,1
DA:2,1
DA:3,1
DA:4,2
DA:5,2
DA:6,2
DA:7,2
DA:8,2
DA:9,1
DA:10,1
DA:11,1
DA:12,1
DA:13,2
DA:14,1
DA:15,1
LF:15
LH:15
BRDA:3,0,0,2
BRDA:8,1,0,1
BRF:2
BRH:2
end_of_record
TN:
SF:git_basics/homework_folder_12_API/task_3/fetchData.js
FN:3,fetchData
FNF:1
FNH:1
FNDA:2,fetchData
DA:1,1
DA:2,1
DA:3,1
DA:4,2
DA:5,2
DA:6,1
DA:7,1
DA:8,1
DA:9,1
DA:10,2
DA:11,1
DA:12,1
LF:12
LH:12
BRDA:3,0,0,2
BRDA:5,1,0,1
BRF:2
BRH:2
end_of_record
TN:
SF:git_basics/homework_folder_13_API_JSONPlaceholder/apiRequests.js
FN:21,executeRequests
FNF:1
FNH:1
FNDA:1,executeRequests
DA:1,1
DA:2,1
DA:3,1
DA:4,1
DA:5,1
DA:6,0
DA:7,0
DA:8,1
DA:9,0
DA:10,0
DA:11,1
DA:12,1
DA:13,1
DA:14,0
DA:15,0
DA:16,1
DA:17,0
DA:18,0
DA:19,1
DA:20,1
DA:21,1
DA:22,1
DA:23,1
DA:24,1
DA:25,1
DA:26,1
DA:27,1
DA:28,1
DA:29,1
DA:30,1
DA:31,1
DA:32,1
DA:33,1
DA:34,1
DA:35,1
DA:36,1
DA:37,1
DA:38,1
DA:39,1
DA:40,1
DA:41,1
DA:42,1
DA:43,1
DA:44,1
DA:45,0
DA:46,0
DA:47,1
DA:48,1
DA:49,1
LF:49
LH:39
BRDA:21,0,0,1
BRDA:44,1,0,0
BRF:2
BRH:1
end_of_record
